<?xml version="1.0" encoding="UTF-8"?>
<!-- Generated by org.testng.reporters.JUnitXMLReporter -->
<testsuite hostname="KennethdeMacBook-Air.local" name="Default test" tests="3" failures="0" timestamp="3 Apr 2022 13:28:39 GMT" time="296.909" errors="0">
  <testcase name="candleFailTest" time="192.132" classname="com.restfulbooker.apitest.businessLogics.CryptoCandleTest"/>
  <testcase name="candleTest" time="81.009" classname="com.restfulbooker.apitest.businessLogics.CryptoCandleTest"/>
  <testcase name="validTest" time="23.738" classname="com.restfulbooker.apitest.businessLogics.CryptoCandleTest"/>
</testsuite> <!-- Default test -->
