<?xml version="1.0" encoding="UTF-8"?>
<testsuite xmlns:xsi="http://www.w3.org/2001/XMLSchema-instance" xsi:noNamespaceSchemaLocation="https://maven.apache.org/surefire/maven-surefire-plugin/xsd/surefire-test-report.xsd" name="TestSuite" time="39.214" tests="3" errors="0" skipped="0" failures="0">
  <properties>
[...]
</properties>
  <testcase name="candleFailTest" classname="com.restfulbooker.apitest.businessLogics.CryptoCandleTest" time="3.898"/>
  <testcase name="candleTest" classname="com.restfulbooker.apitest.businessLogics.CryptoCandleTest" time="0.693"/>
  <testcase name="seleniumTest" classname="com.restfulbooker.apitest.businessLogics.CryptoCandleTest" time="33.95"/>
</testsuite>