<?xml version="1.0" encoding="UTF-8"?>
<testng-results total="3" passed="3" failed="0" skipped="0">
  <reporter-output>
  </reporter-output>
  <suite started-at="2022-04-05T23:31:25Z" name="RestFulBooker_API_Testing_Automation" finished-at="2022-04-05T23:32:04Z" duration-ms="38551">
    <groups>
    </groups>
    <test started-at="2022-04-05T23:31:25Z" name="CryptoCandleTest" finished-at="2022-04-05T23:32:04Z" duration-ms="38551">
      <class name="com.restfulbooker.apitest.businessLogics.CryptoCandleTest">
        <test-method signature="candleFailTest(java.lang.reflect.Method)[pri:0, instance:com.restfulbooker.apitest.businessLogics.CryptoCandleTest@4c402120]" started-at="2022-04-06T00:31:25Z" name="candleFailTest" finished-at="2022-04-06T00:31:29Z" duration-ms="3896" status="PASS">
          <params>
            <param index="0">
              <value>
                <![CDATA[public void com.restfulbooker.apitest.businessLogics.CryptoCandleTest.candleFailTest(java.lang.reflect.Method)]]>
              </value>
            </param>
          </params>
          <reporter-output>
          </reporter-output>
        </test-method> <!-- candleFailTest -->
        <test-method signature="candleTest(java.lang.reflect.Method)[pri:0, instance:com.restfulbooker.apitest.businessLogics.CryptoCandleTest@4c402120]" started-at="2022-04-06T00:31:29Z" name="candleTest" finished-at="2022-04-06T00:31:30Z" duration-ms="694" status="PASS">
          <params>
            <param index="0">
              <value>
                <![CDATA[public void com.restfulbooker.apitest.businessLogics.CryptoCandleTest.candleTest(java.lang.reflect.Method)]]>
              </value>
            </param>
          </params>
          <reporter-output>
          </reporter-output>
        </test-method> <!-- candleTest -->
        <test-method signature="seleniumTest(java.lang.reflect.Method)[pri:0, instance:com.restfulbooker.apitest.businessLogics.CryptoCandleTest@4c402120]" started-at="2022-04-06T00:31:30Z" name="seleniumTest" finished-at="2022-04-06T00:32:04Z" duration-ms="33948" status="PASS">
          <params>
            <param index="0">
              <value>
                <![CDATA[public void com.restfulbooker.apitest.businessLogics.CryptoCandleTest.seleniumTest(java.lang.reflect.Method)]]>
              </value>
            </param>
          </params>
          <reporter-output>
          </reporter-output>
        </test-method> <!-- seleniumTest -->
      </class> <!-- com.restfulbooker.apitest.businessLogics.CryptoCandleTest -->
    </test> <!-- CryptoCandleTest -->
  </suite> <!-- RestFulBooker_API_Testing_Automation -->
</testng-results>
