<?xml version="1.0" encoding="UTF-8"?>
<testng-results total="3" passed="3" failed="0" skipped="0">
  <reporter-output>
  </reporter-output>
  <suite started-at="2022-04-04T21:49:22Z" name="RestFulBooker_API_Testing_Automation" finished-at="2022-04-04T21:49:56Z" duration-ms="34066">
    <groups>
    </groups>
    <test started-at="2022-04-04T21:49:22Z" name="CryptoCandleTest" finished-at="2022-04-04T21:49:56Z" duration-ms="34066">
      <class name="com.restfulbooker.apitest.businessLogics.CryptoCandleTest">
        <test-method signature="candleFailTest(java.lang.reflect.Method)[pri:0, instance:com.restfulbooker.apitest.businessLogics.CryptoCandleTest@4c402120]" started-at="2022-04-04T22:49:22Z" name="candleFailTest" finished-at="2022-04-04T22:49:26Z" duration-ms="3730" status="PASS">
          <params>
            <param index="0">
              <value>
                <![CDATA[public void com.restfulbooker.apitest.businessLogics.CryptoCandleTest.candleFailTest(java.lang.reflect.Method)]]>
              </value>
            </param>
          </params>
          <reporter-output>
          </reporter-output>
        </test-method> <!-- candleFailTest -->
        <test-method signature="candleTest(java.lang.reflect.Method)[pri:0, instance:com.restfulbooker.apitest.businessLogics.CryptoCandleTest@4c402120]" started-at="2022-04-04T22:49:26Z" name="candleTest" finished-at="2022-04-04T22:49:27Z" duration-ms="1324" status="PASS">
          <params>
            <param index="0">
              <value>
                <![CDATA[public void com.restfulbooker.apitest.businessLogics.CryptoCandleTest.candleTest(java.lang.reflect.Method)]]>
              </value>
            </param>
          </params>
          <reporter-output>
          </reporter-output>
        </test-method> <!-- candleTest -->
        <test-method signature="validTest(java.lang.reflect.Method)[pri:0, instance:com.restfulbooker.apitest.businessLogics.CryptoCandleTest@4c402120]" started-at="2022-04-04T22:49:27Z" name="validTest" finished-at="2022-04-04T22:49:56Z" duration-ms="29001" status="PASS">
          <params>
            <param index="0">
              <value>
                <![CDATA[public void com.restfulbooker.apitest.businessLogics.CryptoCandleTest.validTest(java.lang.reflect.Method)]]>
              </value>
            </param>
          </params>
          <reporter-output>
          </reporter-output>
        </test-method> <!-- validTest -->
      </class> <!-- com.restfulbooker.apitest.businessLogics.CryptoCandleTest -->
    </test> <!-- CryptoCandleTest -->
  </suite> <!-- RestFulBooker_API_Testing_Automation -->
</testng-results>
