<?xml version="1.0" encoding="UTF-8"?>
<!-- Generated by org.testng.reporters.JUnitXMLReporter -->
<testsuite hostname="KennethdeMacBook-Air.local" failures="0" tests="3" name="CryptoCandleTest" time="34.066" errors="0" timestamp="4 Apr 2022 21:49:56 GMT">
  <testcase classname="com.restfulbooker.apitest.businessLogics.CryptoCandleTest" name="candleFailTest" time="3.73"/>
  <testcase classname="com.restfulbooker.apitest.businessLogics.CryptoCandleTest" name="candleTest" time="1.324"/>
  <testcase classname="com.restfulbooker.apitest.businessLogics.CryptoCandleTest" name="validTest" time="29.001"/>
</testsuite> <!-- CryptoCandleTest -->
