<?xml version="1.0" encoding="UTF-8"?>
<!-- Generated by org.testng.reporters.JUnitXMLReporter -->
<testsuite hostname="KennethdeMacBook-Air.local" failures="0" tests="3" name="CryptoCandleTest" time="38.551" errors="0" timestamp="5 Apr 2022 23:32:04 GMT">
  <testcase classname="com.restfulbooker.apitest.businessLogics.CryptoCandleTest" name="candleFailTest" time="3.896"/>
  <testcase classname="com.restfulbooker.apitest.businessLogics.CryptoCandleTest" name="candleTest" time="0.694"/>
  <testcase classname="com.restfulbooker.apitest.businessLogics.CryptoCandleTest" name="seleniumTest" time="33.948"/>
</testsuite> <!-- CryptoCandleTest -->
