<?xml version="1.0" encoding="UTF-8"?>
<!-- Generated by org.testng.reporters.JUnitXMLReporter -->
<testsuite hostname="KennethdeMacBook-Air.local" failures="1" tests="1" name="LoginTest" time="2.825" errors="0" timestamp="2 Apr 2022 18:16:32 GMT">
  <testcase classname="com.restfulbooker.apitest.businessLogics.LoginTest" name="candleTest" time="2.811">
    <failure type="java.lang.NullPointerException" message="Cannot invoke &amp;quot;java.util.List.iterator()&amp;quot; because &amp;quot;data&amp;quot; is null">
      <![CDATA[java.lang.NullPointerException: Cannot invoke "java.util.List.iterator()" because "data" is null
	at com.restfulbooker.apitest.restassuredFuntions.API.assertIt(API.java:133)
	at com.restfulbooker.apitest.businessLogics.LoginTest.candleTest(LoginTest.java:87)
	at org.apache.maven.surefire.testng.TestNGExecutor.run(TestNGExecutor.java:283)
	at org.apache.maven.surefire.testng.TestNGXmlTestSuite.execute(TestNGXmlTestSuite.java:75)
	at org.apache.maven.surefire.testng.TestNGProvider.invoke(TestNGProvider.java:120)
	at org.apache.maven.surefire.booter.ForkedBooter.invokeProviderInSameClassLoader(ForkedBooter.java:383)
	at org.apache.maven.surefire.booter.ForkedBooter.runSuitesInProcess(ForkedBooter.java:344)
	at org.apache.maven.surefire.booter.ForkedBooter.execute(ForkedBooter.java:125)
	at org.apache.maven.surefire.booter.ForkedBooter.main(ForkedBooter.java:417)
... Removed 21 stack frames]]>
    </failure>
  </testcase> <!-- candleTest -->
</testsuite> <!-- LoginTest -->
